<?xml version="1.0" encoding="UTF-8"?>
<!-- Generated by org.testng.reporters.JUnitReportReporter -->
<testsuite hostname="Shanawaz" failures="0" tests="1" name="scripts.Test1" time="0.008" errors="0" timestamp="2024-08-24T17:52:27 IST" skipped="0">
  <testcase classname="scripts.Test1" name="demo" time="0.008">
    <system-out>
      <![CDATA[Test1]]>
    </system-out>
  </testcase> <!-- demo -->
  <system-out>
    <![CDATA[Test1]]>
  </system-out>
</testsuite> <!-- scripts.Test1 -->
